This is pdfTeX, Version 3.14159265-2.6-1.40.16 (TeX Live 2015) (preloaded format=pdflatex 2015.7.16)  11 OCT 2015 16:34
entering extended mode
 \write18 enabled.
 %&-line parsing enabled.
**inis2015
(./inis2015.tex
LaTeX2e <2015/01/01> patch level 2
Babel <3.9l> and hyphenation patterns for 79 languages loaded.
(./IEEEtran.cls
Document Class: IEEEtran 2012/11/21 V1.8c by Harald Hanche-Olsen and Anders Chr
istensen
-- Based on V1.7a by Michael Shell
-- See the "IEEEtran_HOWTO" manual for usage information.
-- http://www.michaelshell.org/tex/ieeetran/
\@IEEEtrantmpdimenA=\dimen102
\@IEEEtrantmpdimenB=\dimen103
\@IEEEtrantmpcountA=\count79
\@IEEEtrantmpcountB=\count80
\@IEEEtrantmptoksA=\toks14
LaTeX Font Info:    Try loading font information for OT1+ptm on input line 373.


(/home/mdl/ska130/Research/Tools/texlive/2015/texmf-dist/tex/latex/psnfss/ot1pt
m.fd
File: ot1ptm.fd 2001/06/04 font definitions for OT1/ptm.
)
-- Using 8.5in x 11in (letter) paper.
-- Using PDF output.
\@IEEEnormalsizeunitybaselineskip=\dimen104
-- This is a 10 point document.
\CLASSINFOnormalsizebaselineskip=\dimen105
\CLASSINFOnormalsizeunitybaselineskip=\dimen106
\IEEEnormaljot=\dimen107
LaTeX Font Info:    Font shape `OT1/ptm/bx/n' in size <5> not available
(Font)              Font shape `OT1/ptm/b/n' tried instead on input line 731.
LaTeX Font Info:    Font shape `OT1/ptm/bx/it' in size <5> not available
(Font)              Font shape `OT1/ptm/b/it' tried instead on input line 731.
LaTeX Font Info:    Font shape `OT1/ptm/bx/n' in size <7> not available
(Font)              Font shape `OT1/ptm/b/n' tried instead on input line 731.
LaTeX Font Info:    Font shape `OT1/ptm/bx/it' in size <7> not available
(Font)              Font shape `OT1/ptm/b/it' tried instead on input line 731.
LaTeX Font Info:    Font shape `OT1/ptm/bx/n' in size <8> not available
(Font)              Font shape `OT1/ptm/b/n' tried instead on input line 731.
LaTeX Font Info:    Font shape `OT1/ptm/bx/it' in size <8> not available
(Font)              Font shape `OT1/ptm/b/it' tried instead on input line 731.
LaTeX Font Info:    Font shape `OT1/ptm/bx/n' in size <9> not available
(Font)              Font shape `OT1/ptm/b/n' tried instead on input line 731.
LaTeX Font Info:    Font shape `OT1/ptm/bx/it' in size <9> not available
(Font)              Font shape `OT1/ptm/b/it' tried instead on input line 731.
LaTeX Font Info:    Font shape `OT1/ptm/bx/n' in size <10> not available
(Font)              Font shape `OT1/ptm/b/n' tried instead on input line 731.
LaTeX Font Info:    Font shape `OT1/ptm/bx/it' in size <10> not available
(Font)              Font shape `OT1/ptm/b/it' tried instead on input line 731.
LaTeX Font Info:    Font shape `OT1/ptm/bx/n' in size <11> not available
(Font)              Font shape `OT1/ptm/b/n' tried instead on input line 731.
LaTeX Font Info:    Font shape `OT1/ptm/bx/it' in size <11> not available
(Font)              Font shape `OT1/ptm/b/it' tried instead on input line 731.
LaTeX Font Info:    Font shape `OT1/ptm/bx/n' in size <12> not available
(Font)              Font shape `OT1/ptm/b/n' tried instead on input line 731.
LaTeX Font Info:    Font shape `OT1/ptm/bx/it' in size <12> not available
(Font)              Font shape `OT1/ptm/b/it' tried instead on input line 731.
LaTeX Font Info:    Font shape `OT1/ptm/bx/n' in size <17> not available
(Font)              Font shape `OT1/ptm/b/n' tried instead on input line 731.
LaTeX Font Info:    Font shape `OT1/ptm/bx/it' in size <17> not available
(Font)              Font shape `OT1/ptm/b/it' tried instead on input line 731.
LaTeX Font Info:    Font shape `OT1/ptm/bx/n' in size <20> not available
(Font)              Font shape `OT1/ptm/b/n' tried instead on input line 731.
LaTeX Font Info:    Font shape `OT1/ptm/bx/it' in size <20> not available
(Font)              Font shape `OT1/ptm/b/it' tried instead on input line 731.
LaTeX Font Info:    Font shape `OT1/ptm/bx/n' in size <24> not available
(Font)              Font shape `OT1/ptm/b/n' tried instead on input line 731.
LaTeX Font Info:    Font shape `OT1/ptm/bx/it' in size <24> not available
(Font)              Font shape `OT1/ptm/b/it' tried instead on input line 731.
\IEEEilabelindentA=\dimen108
\IEEEilabelindentB=\dimen109
\IEEEilabelindent=\dimen110
\IEEEelabelindent=\dimen111
\IEEEdlabelindent=\dimen112
\IEEElabelindent=\dimen113
\IEEEiednormlabelsep=\dimen114
\IEEEiedmathlabelsep=\dimen115
\IEEEiedtopsep=\skip41
\c@section=\count81
\c@subsection=\count82
\c@subsubsection=\count83
\c@paragraph=\count84
\c@IEEEsubequation=\count85
\abovecaptionskip=\skip42
\belowcaptionskip=\skip43
\c@figure=\count86
\c@table=\count87
\@IEEEeqnnumcols=\count88
\@IEEEeqncolcnt=\count89
\@IEEEtmpitemindent=\dimen116
\c@IEEEbiography=\count90
\@IEEEtranrubishbin=\box26
)
(/home/mdl/ska130/Research/Tools/texlive/2015/texmf-dist/tex/latex/graphics/gra
phicx.sty
Package: graphicx 2014/10/28 v1.0g Enhanced LaTeX Graphics (DPC,SPQR)

(/home/mdl/ska130/Research/Tools/texlive/2015/texmf-dist/tex/latex/graphics/key
val.sty
Package: keyval 2014/10/28 v1.15 key=value parser (DPC)
\KV@toks@=\toks15
)
(/home/mdl/ska130/Research/Tools/texlive/2015/texmf-dist/tex/latex/graphics/gra
phics.sty
Package: graphics 2014/10/28 v1.0p Standard LaTeX Graphics (DPC,SPQR)

(/home/mdl/ska130/Research/Tools/texlive/2015/texmf-dist/tex/latex/graphics/tri
g.sty
Package: trig 1999/03/16 v1.09 sin cos tan (DPC)
)
(/home/mdl/ska130/Research/Tools/texlive/2015/texmf-dist/tex/latex/latexconfig/
graphics.cfg
File: graphics.cfg 2010/04/23 v1.9 graphics configuration of TeX Live
)
Package graphics Info: Driver file: pdftex.def on input line 94.

(/home/mdl/ska130/Research/Tools/texlive/2015/texmf-dist/tex/latex/pdftex-def/p
dftex.def
File: pdftex.def 2011/05/27 v0.06d Graphics/color for pdfTeX

(/home/mdl/ska130/Research/Tools/texlive/2015/texmf-dist/tex/generic/oberdiek/i
nfwarerr.sty
Package: infwarerr 2010/04/08 v1.3 Providing info/warning/error messages (HO)
)
(/home/mdl/ska130/Research/Tools/texlive/2015/texmf-dist/tex/generic/oberdiek/l
txcmds.sty
Package: ltxcmds 2011/11/09 v1.22 LaTeX kernel commands for general use (HO)
)
\Gread@gobject=\count91
))
\Gin@req@height=\dimen117
\Gin@req@width=\dimen118
)
(/home/mdl/ska130/Research/Tools/texlive/2015/texmf-dist/tex/latex/pgf/frontend
layer/tikz.sty
(/home/mdl/ska130/Research/Tools/texlive/2015/texmf-dist/tex/latex/pgf/basiclay
er/pgf.sty
(/home/mdl/ska130/Research/Tools/texlive/2015/texmf-dist/tex/latex/pgf/utilitie
s/pgfrcs.sty
(/home/mdl/ska130/Research/Tools/texlive/2015/texmf-dist/tex/generic/pgf/utilit
ies/pgfutil-common.tex
\pgfutil@everybye=\toks16
\pgfutil@tempdima=\dimen119
\pgfutil@tempdimb=\dimen120

(/home/mdl/ska130/Research/Tools/texlive/2015/texmf-dist/tex/generic/pgf/utilit
ies/pgfutil-common-lists.tex))
(/home/mdl/ska130/Research/Tools/texlive/2015/texmf-dist/tex/generic/pgf/utilit
ies/pgfutil-latex.def
\pgfutil@abb=\box27

(/home/mdl/ska130/Research/Tools/texlive/2015/texmf-dist/tex/latex/ms/everyshi.
sty
Package: everyshi 2001/05/15 v3.00 EveryShipout Package (MS)
))
(/home/mdl/ska130/Research/Tools/texlive/2015/texmf-dist/tex/generic/pgf/utilit
ies/pgfrcs.code.tex
Package: pgfrcs 2013/12/20 v3.0.0 (rcs-revision 1.28)
))
Package: pgf 2013/12/18 v3.0.0 (rcs-revision 1.14)

(/home/mdl/ska130/Research/Tools/texlive/2015/texmf-dist/tex/latex/pgf/basiclay
er/pgfcore.sty
(/home/mdl/ska130/Research/Tools/texlive/2015/texmf-dist/tex/latex/pgf/systemla
yer/pgfsys.sty
(/home/mdl/ska130/Research/Tools/texlive/2015/texmf-dist/tex/generic/pgf/system
layer/pgfsys.code.tex
Package: pgfsys 2013/11/30 v3.0.0 (rcs-revision 1.47)

(/home/mdl/ska130/Research/Tools/texlive/2015/texmf-dist/tex/generic/pgf/utilit
ies/pgfkeys.code.tex
\pgfkeys@pathtoks=\toks17
\pgfkeys@temptoks=\toks18

(/home/mdl/ska130/Research/Tools/texlive/2015/texmf-dist/tex/generic/pgf/utilit
ies/pgfkeysfiltered.code.tex
\pgfkeys@tmptoks=\toks19
))
\pgf@x=\dimen121
\pgf@y=\dimen122
\pgf@xa=\dimen123
\pgf@ya=\dimen124
\pgf@xb=\dimen125
\pgf@yb=\dimen126
\pgf@xc=\dimen127
\pgf@yc=\dimen128
\w@pgf@writea=\write3
\r@pgf@reada=\read1
\c@pgf@counta=\count92
\c@pgf@countb=\count93
\c@pgf@countc=\count94
\c@pgf@countd=\count95
\t@pgf@toka=\toks20
\t@pgf@tokb=\toks21
\t@pgf@tokc=\toks22

(/home/mdl/ska130/Research/Tools/texlive/2015/texmf-dist/tex/generic/pgf/system
layer/pgf.cfg
File: pgf.cfg 2008/05/14  (rcs-revision 1.7)
)
Driver file for pgf: pgfsys-pdftex.def

(/home/mdl/ska130/Research/Tools/texlive/2015/texmf-dist/tex/generic/pgf/system
layer/pgfsys-pdftex.def
File: pgfsys-pdftex.def 2013/07/18  (rcs-revision 1.33)

(/home/mdl/ska130/Research/Tools/texlive/2015/texmf-dist/tex/generic/pgf/system
layer/pgfsys-common-pdf.def
File: pgfsys-common-pdf.def 2013/10/10  (rcs-revision 1.13)
)))
(/home/mdl/ska130/Research/Tools/texlive/2015/texmf-dist/tex/generic/pgf/system
layer/pgfsyssoftpath.code.tex
File: pgfsyssoftpath.code.tex 2013/09/09  (rcs-revision 1.9)
\pgfsyssoftpath@smallbuffer@items=\count96
\pgfsyssoftpath@bigbuffer@items=\count97
)
(/home/mdl/ska130/Research/Tools/texlive/2015/texmf-dist/tex/generic/pgf/system
layer/pgfsysprotocol.code.tex
File: pgfsysprotocol.code.tex 2006/10/16  (rcs-revision 1.4)
))
(/home/mdl/ska130/Research/Tools/texlive/2015/texmf-dist/tex/latex/xcolor/xcolo
r.sty
Package: xcolor 2007/01/21 v2.11 LaTeX color extensions (UK)

(/home/mdl/ska130/Research/Tools/texlive/2015/texmf-dist/tex/latex/latexconfig/
color.cfg
File: color.cfg 2007/01/18 v1.5 color configuration of teTeX/TeXLive
)
Package xcolor Info: Driver file: pdftex.def on input line 225.
Package xcolor Info: Model `cmy' substituted by `cmy0' on input line 1337.
Package xcolor Info: Model `hsb' substituted by `rgb' on input line 1341.
Package xcolor Info: Model `RGB' extended on input line 1353.
Package xcolor Info: Model `HTML' substituted by `rgb' on input line 1355.
Package xcolor Info: Model `Hsb' substituted by `hsb' on input line 1356.
Package xcolor Info: Model `tHsb' substituted by `hsb' on input line 1357.
Package xcolor Info: Model `HSB' substituted by `hsb' on input line 1358.
Package xcolor Info: Model `Gray' substituted by `gray' on input line 1359.
Package xcolor Info: Model `wave' substituted by `hsb' on input line 1360.
)
(/home/mdl/ska130/Research/Tools/texlive/2015/texmf-dist/tex/generic/pgf/basicl
ayer/pgfcore.code.tex
Package: pgfcore 2010/04/11 v3.0.0 (rcs-revision 1.7)

(/home/mdl/ska130/Research/Tools/texlive/2015/texmf-dist/tex/generic/pgf/math/p
gfmath.code.tex
(/home/mdl/ska130/Research/Tools/texlive/2015/texmf-dist/tex/generic/pgf/math/p
gfmathcalc.code.tex
(/home/mdl/ska130/Research/Tools/texlive/2015/texmf-dist/tex/generic/pgf/math/p
gfmathutil.code.tex)
(/home/mdl/ska130/Research/Tools/texlive/2015/texmf-dist/tex/generic/pgf/math/p
gfmathparser.code.tex
\pgfmath@dimen=\dimen129
\pgfmath@count=\count98
\pgfmath@box=\box28
\pgfmath@toks=\toks23
\pgfmath@stack@operand=\toks24
\pgfmath@stack@operation=\toks25
)
(/home/mdl/ska130/Research/Tools/texlive/2015/texmf-dist/tex/generic/pgf/math/p
gfmathfunctions.code.tex
(/home/mdl/ska130/Research/Tools/texlive/2015/texmf-dist/tex/generic/pgf/math/p
gfmathfunctions.basic.code.tex)
(/home/mdl/ska130/Research/Tools/texlive/2015/texmf-dist/tex/generic/pgf/math/p
gfmathfunctions.trigonometric.code.tex)
(/home/mdl/ska130/Research/Tools/texlive/2015/texmf-dist/tex/generic/pgf/math/p
gfmathfunctions.random.code.tex)
(/home/mdl/ska130/Research/Tools/texlive/2015/texmf-dist/tex/generic/pgf/math/p
gfmathfunctions.comparison.code.tex)
(/home/mdl/ska130/Research/Tools/texlive/2015/texmf-dist/tex/generic/pgf/math/p
gfmathfunctions.base.code.tex)
(/home/mdl/ska130/Research/Tools/texlive/2015/texmf-dist/tex/generic/pgf/math/p
gfmathfunctions.round.code.tex)
(/home/mdl/ska130/Research/Tools/texlive/2015/texmf-dist/tex/generic/pgf/math/p
gfmathfunctions.misc.code.tex)
(/home/mdl/ska130/Research/Tools/texlive/2015/texmf-dist/tex/generic/pgf/math/p
gfmathfunctions.integerarithmetics.code.tex)))
(/home/mdl/ska130/Research/Tools/texlive/2015/texmf-dist/tex/generic/pgf/math/p
gfmathfloat.code.tex
\c@pgfmathroundto@lastzeros=\count99
))
(/home/mdl/ska130/Research/Tools/texlive/2015/texmf-dist/tex/generic/pgf/basicl
ayer/pgfcorepoints.code.tex
File: pgfcorepoints.code.tex 2013/10/07  (rcs-revision 1.27)
\pgf@picminx=\dimen130
\pgf@picmaxx=\dimen131
\pgf@picminy=\dimen132
\pgf@picmaxy=\dimen133
\pgf@pathminx=\dimen134
\pgf@pathmaxx=\dimen135
\pgf@pathminy=\dimen136
\pgf@pathmaxy=\dimen137
\pgf@xx=\dimen138
\pgf@xy=\dimen139
\pgf@yx=\dimen140
\pgf@yy=\dimen141
\pgf@zx=\dimen142
\pgf@zy=\dimen143
)
(/home/mdl/ska130/Research/Tools/texlive/2015/texmf-dist/tex/generic/pgf/basicl
ayer/pgfcorepathconstruct.code.tex
File: pgfcorepathconstruct.code.tex 2013/10/07  (rcs-revision 1.29)
\pgf@path@lastx=\dimen144
\pgf@path@lasty=\dimen145
)
(/home/mdl/ska130/Research/Tools/texlive/2015/texmf-dist/tex/generic/pgf/basicl
ayer/pgfcorepathusage.code.tex
File: pgfcorepathusage.code.tex 2013/12/13  (rcs-revision 1.23)
\pgf@shorten@end@additional=\dimen146
\pgf@shorten@start@additional=\dimen147
)
(/home/mdl/ska130/Research/Tools/texlive/2015/texmf-dist/tex/generic/pgf/basicl
ayer/pgfcorescopes.code.tex
File: pgfcorescopes.code.tex 2013/10/09  (rcs-revision 1.44)
\pgfpic=\box29
\pgf@hbox=\box30
\pgf@layerbox@main=\box31
\pgf@picture@serial@count=\count100
)
(/home/mdl/ska130/Research/Tools/texlive/2015/texmf-dist/tex/generic/pgf/basicl
ayer/pgfcoregraphicstate.code.tex
File: pgfcoregraphicstate.code.tex 2013/09/19  (rcs-revision 1.11)
\pgflinewidth=\dimen148
)
(/home/mdl/ska130/Research/Tools/texlive/2015/texmf-dist/tex/generic/pgf/basicl
ayer/pgfcoretransformations.code.tex
File: pgfcoretransformations.code.tex 2013/10/10  (rcs-revision 1.17)
\pgf@pt@x=\dimen149
\pgf@pt@y=\dimen150
\pgf@pt@temp=\dimen151
)
(/home/mdl/ska130/Research/Tools/texlive/2015/texmf-dist/tex/generic/pgf/basicl
ayer/pgfcorequick.code.tex
File: pgfcorequick.code.tex 2008/10/09  (rcs-revision 1.3)
)
(/home/mdl/ska130/Research/Tools/texlive/2015/texmf-dist/tex/generic/pgf/basicl
ayer/pgfcoreobjects.code.tex
File: pgfcoreobjects.code.tex 2006/10/11  (rcs-revision 1.2)
)
(/home/mdl/ska130/Research/Tools/texlive/2015/texmf-dist/tex/generic/pgf/basicl
ayer/pgfcorepathprocessing.code.tex
File: pgfcorepathprocessing.code.tex 2013/09/09  (rcs-revision 1.9)
)
(/home/mdl/ska130/Research/Tools/texlive/2015/texmf-dist/tex/generic/pgf/basicl
ayer/pgfcorearrows.code.tex
File: pgfcorearrows.code.tex 2013/11/07  (rcs-revision 1.40)
\pgfarrowsep=\dimen152
)
(/home/mdl/ska130/Research/Tools/texlive/2015/texmf-dist/tex/generic/pgf/basicl
ayer/pgfcoreshade.code.tex
File: pgfcoreshade.code.tex 2013/07/15  (rcs-revision 1.15)
\pgf@max=\dimen153
\pgf@sys@shading@range@num=\count101
)
(/home/mdl/ska130/Research/Tools/texlive/2015/texmf-dist/tex/generic/pgf/basicl
ayer/pgfcoreimage.code.tex
File: pgfcoreimage.code.tex 2013/07/15  (rcs-revision 1.18)

(/home/mdl/ska130/Research/Tools/texlive/2015/texmf-dist/tex/generic/pgf/basicl
ayer/pgfcoreexternal.code.tex
File: pgfcoreexternal.code.tex 2013/07/15  (rcs-revision 1.20)
\pgfexternal@startupbox=\box32
))
(/home/mdl/ska130/Research/Tools/texlive/2015/texmf-dist/tex/generic/pgf/basicl
ayer/pgfcorelayers.code.tex
File: pgfcorelayers.code.tex 2013/07/18  (rcs-revision 1.7)
)
(/home/mdl/ska130/Research/Tools/texlive/2015/texmf-dist/tex/generic/pgf/basicl
ayer/pgfcoretransparency.code.tex
File: pgfcoretransparency.code.tex 2013/09/30  (rcs-revision 1.5)
)
(/home/mdl/ska130/Research/Tools/texlive/2015/texmf-dist/tex/generic/pgf/basicl
ayer/pgfcorepatterns.code.tex
File: pgfcorepatterns.code.tex 2013/11/07  (rcs-revision 1.5)
)))
(/home/mdl/ska130/Research/Tools/texlive/2015/texmf-dist/tex/generic/pgf/module
s/pgfmoduleshapes.code.tex
File: pgfmoduleshapes.code.tex 2013/10/31  (rcs-revision 1.34)
\pgfnodeparttextbox=\box33
)
(/home/mdl/ska130/Research/Tools/texlive/2015/texmf-dist/tex/generic/pgf/module
s/pgfmoduleplot.code.tex
File: pgfmoduleplot.code.tex 2013/07/31  (rcs-revision 1.12)
)
(/home/mdl/ska130/Research/Tools/texlive/2015/texmf-dist/tex/latex/pgf/compatib
ility/pgfcomp-version-0-65.sty
Package: pgfcomp-version-0-65 2007/07/03 v3.0.0 (rcs-revision 1.7)
\pgf@nodesepstart=\dimen154
\pgf@nodesepend=\dimen155
)
(/home/mdl/ska130/Research/Tools/texlive/2015/texmf-dist/tex/latex/pgf/compatib
ility/pgfcomp-version-1-18.sty
Package: pgfcomp-version-1-18 2007/07/23 v3.0.0 (rcs-revision 1.1)
))
(/home/mdl/ska130/Research/Tools/texlive/2015/texmf-dist/tex/latex/pgf/utilitie
s/pgffor.sty
(/home/mdl/ska130/Research/Tools/texlive/2015/texmf-dist/tex/latex/pgf/utilitie
s/pgfkeys.sty
(/home/mdl/ska130/Research/Tools/texlive/2015/texmf-dist/tex/generic/pgf/utilit
ies/pgfkeys.code.tex))
(/home/mdl/ska130/Research/Tools/texlive/2015/texmf-dist/tex/latex/pgf/math/pgf
math.sty
(/home/mdl/ska130/Research/Tools/texlive/2015/texmf-dist/tex/generic/pgf/math/p
gfmath.code.tex))
(/home/mdl/ska130/Research/Tools/texlive/2015/texmf-dist/tex/generic/pgf/utilit
ies/pgffor.code.tex
Package: pgffor 2013/12/13 v3.0.0 (rcs-revision 1.25)

(/home/mdl/ska130/Research/Tools/texlive/2015/texmf-dist/tex/generic/pgf/math/p
gfmath.code.tex)
\pgffor@iter=\dimen156
\pgffor@skip=\dimen157
\pgffor@stack=\toks26
\pgffor@toks=\toks27
))
(/home/mdl/ska130/Research/Tools/texlive/2015/texmf-dist/tex/generic/pgf/fronte
ndlayer/tikz/tikz.code.tex
Package: tikz 2013/12/13 v3.0.0 (rcs-revision 1.142)

(/home/mdl/ska130/Research/Tools/texlive/2015/texmf-dist/tex/generic/pgf/librar
ies/pgflibraryplothandlers.code.tex
File: pgflibraryplothandlers.code.tex 2013/08/31 v3.0.0 (rcs-revision 1.20)
\pgf@plot@mark@count=\count102
\pgfplotmarksize=\dimen158
)
\tikz@lastx=\dimen159
\tikz@lasty=\dimen160
\tikz@lastxsaved=\dimen161
\tikz@lastysaved=\dimen162
\tikzleveldistance=\dimen163
\tikzsiblingdistance=\dimen164
\tikz@figbox=\box34
\tikz@figbox@bg=\box35
\tikz@tempbox=\box36
\tikz@tempbox@bg=\box37
\tikztreelevel=\count103
\tikznumberofchildren=\count104
\tikznumberofcurrentchild=\count105
\tikz@fig@count=\count106

(/home/mdl/ska130/Research/Tools/texlive/2015/texmf-dist/tex/generic/pgf/module
s/pgfmodulematrix.code.tex
File: pgfmodulematrix.code.tex 2013/09/17  (rcs-revision 1.8)
\pgfmatrixcurrentrow=\count107
\pgfmatrixcurrentcolumn=\count108
\pgf@matrix@numberofcolumns=\count109
)
\tikz@expandcount=\count110

(/home/mdl/ska130/Research/Tools/texlive/2015/texmf-dist/tex/generic/pgf/fronte
ndlayer/tikz/libraries/tikzlibrarytopaths.code.tex
File: tikzlibrarytopaths.code.tex 2008/06/17 v3.0.0 (rcs-revision 1.2)
)))
(/home/mdl/ska130/Research/Tools/texlive/2015/texmf-dist/tex/latex/pgf/frontend
layer/libraries/tikzlibraryexternal.code.tex
(/home/mdl/ska130/Research/Tools/texlive/2015/texmf-dist/tex/generic/oberdiek/p
dftexcmds.sty
Package: pdftexcmds 2011/11/29 v0.20 Utility functions of pdfTeX for LuaTeX (HO
)

(/home/mdl/ska130/Research/Tools/texlive/2015/texmf-dist/tex/generic/oberdiek/i
fluatex.sty
Package: ifluatex 2010/03/01 v1.3 Provides the ifluatex switch (HO)
Package ifluatex Info: LuaTeX not detected.
)
(/home/mdl/ska130/Research/Tools/texlive/2015/texmf-dist/tex/generic/oberdiek/i
fpdf.sty
Package: ifpdf 2011/01/30 v2.3 Provides the ifpdf switch (HO)
Package ifpdf Info: pdfTeX in PDF mode is detected.
)
Package pdftexcmds Info: LuaTeX not detected.
Package pdftexcmds Info: \pdf@primitive is available.
Package pdftexcmds Info: \pdf@ifprimitive is available.
Package pdftexcmds Info: \pdfdraftmode found.
)
(/home/mdl/ska130/Research/Tools/texlive/2015/texmf-dist/tex/generic/pgf/fronte
ndlayer/tikz/libraries/tikzexternalshared.code.tex))
\openout3 = `inis2015.auxlock'.


(/home/mdl/ska130/Research/Tools/texlive/2015/texmf-dist/tex/latex/pgfplots/pgf
plots.sty
(/home/mdl/ska130/Research/Tools/texlive/2015/texmf-dist/tex/generic/pgfplots/p
gfplots.revision.tex)
Package: pgfplots 2015/05/02 v1.12.1 Data Visualization (1.12.1)

(/home/mdl/ska130/Research/Tools/texlive/2015/texmf-dist/tex/generic/pgfplots/p
gfplots.code.tex
(/home/mdl/ska130/Research/Tools/texlive/2015/texmf-dist/tex/generic/pgfplots/p
gfplotscore.code.tex
\t@pgfplots@toka=\toks28
\t@pgfplots@tokb=\toks29
\t@pgfplots@tokc=\toks30
\pgfplots@tmpa=\dimen165
\c@pgfplots@coordindex=\count111
\c@pgfplots@scanlineindex=\count112

(/home/mdl/ska130/Research/Tools/texlive/2015/texmf-dist/tex/generic/pgfplots/s
ys/pgfplotssysgeneric.code.tex))
(/home/mdl/ska130/Research/Tools/texlive/2015/texmf-dist/tex/generic/pgfplots/l
ibs/pgfplotslibrary.code.tex)
(/home/mdl/ska130/Research/Tools/texlive/2015/texmf-dist/tex/generic/pgfplots/o
ldpgfcompatib/pgfplotsoldpgfsupp_loader.code.tex
(/home/mdl/ska130/Research/Tools/texlive/2015/texmf-dist/tex/generic/pgf/librar
ies/pgflibraryfpu.code.tex)
Package pgfplots: loading complementary arithmetics for your pgf version...

(/home/mdl/ska130/Research/Tools/texlive/2015/texmf-dist/tex/generic/pgfplots/o
ldpgfcompatib/pgfplotsoldpgfsupp_pgflibraryfpu.code.tex)
(/home/mdl/ska130/Research/Tools/texlive/2015/texmf-dist/tex/generic/pgfplots/o
ldpgfcompatib/pgfplotsoldpgfsupp_pgfmathfloat.code.tex
\c@pgfmathroundto@lastzeros=\count113
)
(/home/mdl/ska130/Research/Tools/texlive/2015/texmf-dist/tex/generic/pgfplots/o
ldpgfcompatib/pgfplotsoldpgfsupp_trig_format.code.tex))
(/home/mdl/ska130/Research/Tools/texlive/2015/texmf-dist/tex/generic/pgfplots/u
til/pgfplotsutil.code.tex
(/home/mdl/ska130/Research/Tools/texlive/2015/texmf-dist/tex/generic/pgfplots/l
iststructure/pgfplotsliststructure.code.tex)
(/home/mdl/ska130/Research/Tools/texlive/2015/texmf-dist/tex/generic/pgfplots/l
iststructure/pgfplotsliststructureext.code.tex)
(/home/mdl/ska130/Research/Tools/texlive/2015/texmf-dist/tex/generic/pgfplots/l
iststructure/pgfplotsarray.code.tex
\c@pgfplotsarray@tmp=\count114
)
(/home/mdl/ska130/Research/Tools/texlive/2015/texmf-dist/tex/generic/pgfplots/l
iststructure/pgfplotsmatrix.code.tex)
(/home/mdl/ska130/Research/Tools/texlive/2015/texmf-dist/tex/generic/pgfplots/n
umtable/pgfplotstableshared.code.tex
\c@pgfplotstable@counta=\count115
\t@pgfplotstable@a=\toks31
)
(/home/mdl/ska130/Research/Tools/texlive/2015/texmf-dist/tex/generic/pgfplots/l
iststructure/pgfplotsdeque.code.tex)
(/home/mdl/ska130/Research/Tools/texlive/2015/texmf-dist/tex/generic/pgfplots/u
til/pgfplotsbinary.code.tex
(/home/mdl/ska130/Research/Tools/texlive/2015/texmf-dist/tex/generic/pgfplots/u
til/pgfplotsbinary.data.code.tex))
(/home/mdl/ska130/Research/Tools/texlive/2015/texmf-dist/tex/generic/pgfplots/u
til/pgfplotsutil.verb.code.tex)
(/home/mdl/ska130/Research/Tools/texlive/2015/texmf-dist/tex/generic/pgfplots/l
ibs/pgflibrarypgfplots.surfshading.code.tex
\c@pgfplotslibrarysurf@no=\count116

(/home/mdl/ska130/Research/Tools/texlive/2015/texmf-dist/tex/generic/pgfplots/s
ys/pgflibrarypgfplots.surfshading.pgfsys-pdftex.def)))
(/home/mdl/ska130/Research/Tools/texlive/2015/texmf-dist/tex/generic/pgfplots/u
til/pgfplotscolormap.code.tex
(/home/mdl/ska130/Research/Tools/texlive/2015/texmf-dist/tex/generic/pgfplots/u
til/pgfplotscolor.code.tex))
(/home/mdl/ska130/Research/Tools/texlive/2015/texmf-dist/tex/generic/pgfplots/p
gfplotsstackedplots.code.tex)
(/home/mdl/ska130/Research/Tools/texlive/2015/texmf-dist/tex/generic/pgfplots/p
gfplotsplothandlers.code.tex
(/home/mdl/ska130/Research/Tools/texlive/2015/texmf-dist/tex/generic/pgfplots/p
gfplotsmeshplothandler.code.tex))
(/home/mdl/ska130/Research/Tools/texlive/2015/texmf-dist/tex/generic/pgfplots/p
gfplots.scaling.code.tex)
(/home/mdl/ska130/Research/Tools/texlive/2015/texmf-dist/tex/generic/pgfplots/p
gfplotscoordprocessing.code.tex)
(/home/mdl/ska130/Research/Tools/texlive/2015/texmf-dist/tex/generic/pgfplots/p
gfplots.errorbars.code.tex)
(/home/mdl/ska130/Research/Tools/texlive/2015/texmf-dist/tex/generic/pgfplots/p
gfplots.markers.code.tex)
(/home/mdl/ska130/Research/Tools/texlive/2015/texmf-dist/tex/generic/pgfplots/p
gfplotsticks.code.tex)
(/home/mdl/ska130/Research/Tools/texlive/2015/texmf-dist/tex/generic/pgfplots/p
gfplots.paths.code.tex)
(/home/mdl/ska130/Research/Tools/texlive/2015/texmf-dist/tex/generic/pgf/fronte
ndlayer/tikz/libraries/tikzlibrarydecorations.code.tex
(/home/mdl/ska130/Research/Tools/texlive/2015/texmf-dist/tex/generic/pgf/module
s/pgfmoduledecorations.code.tex
\pgfdecoratedcompleteddistance=\dimen166
\pgfdecoratedremainingdistance=\dimen167
\pgfdecoratedinputsegmentcompleteddistance=\dimen168
\pgfdecoratedinputsegmentremainingdistance=\dimen169
\pgf@decorate@distancetomove=\dimen170
\pgf@decorate@repeatstate=\count117
\pgfdecorationsegmentamplitude=\dimen171
\pgfdecorationsegmentlength=\dimen172
)
\tikz@lib@dec@box=\box38
)
(/home/mdl/ska130/Research/Tools/texlive/2015/texmf-dist/tex/generic/pgf/fronte
ndlayer/tikz/libraries/tikzlibrarydecorations.pathmorphing.code.tex
(/home/mdl/ska130/Research/Tools/texlive/2015/texmf-dist/tex/generic/pgf/librar
ies/decorations/pgflibrarydecorations.pathmorphing.code.tex))
(/home/mdl/ska130/Research/Tools/texlive/2015/texmf-dist/tex/generic/pgf/fronte
ndlayer/tikz/libraries/tikzlibrarydecorations.pathreplacing.code.tex
(/home/mdl/ska130/Research/Tools/texlive/2015/texmf-dist/tex/generic/pgf/librar
ies/decorations/pgflibrarydecorations.pathreplacing.code.tex))
\pgfplots@numplots=\count118
\pgfplots@xmin@reg=\dimen173
\pgfplots@xmax@reg=\dimen174
\pgfplots@ymin@reg=\dimen175
\pgfplots@ymax@reg=\dimen176
\pgfplots@zmin@reg=\dimen177
\pgfplots@zmax@reg=\dimen178
)
(/home/mdl/ska130/Research/Tools/texlive/2015/texmf-dist/tex/generic/pgf/fronte
ndlayer/tikz/libraries/tikzlibraryplotmarks.code.tex
File: tikzlibraryplotmarks.code.tex 2008/01/09 v3.0.0 (rcs-revision 1.1)

(/home/mdl/ska130/Research/Tools/texlive/2015/texmf-dist/tex/generic/pgf/librar
ies/pgflibraryplotmarks.code.tex
File: pgflibraryplotmarks.code.tex 2013/07/20 v3.0.0 (rcs-revision 1.13)
)))
(/home/mdl/ska130/Research/Tools/texlive/2015/texmf-dist/tex/latex/setspace/set
space.sty
Package: setspace 2011/12/19 v6.7a set line spacing
)
(/home/mdl/ska130/Research/Tools/texlive/2015/texmf-dist/tex/latex/amsmath/amsm
ath.sty
Package: amsmath 2013/01/14 v2.14 AMS math features
\@mathmargin=\skip44

For additional information on amsmath, use the `?' option.

(/home/mdl/ska130/Research/Tools/texlive/2015/texmf-dist/tex/latex/amsmath/amst
ext.sty
Package: amstext 2000/06/29 v2.01

(/home/mdl/ska130/Research/Tools/texlive/2015/texmf-dist/tex/latex/amsmath/amsg
en.sty
File: amsgen.sty 1999/11/30 v2.0
\@emptytoks=\toks32
\ex@=\dimen179
))
(/home/mdl/ska130/Research/Tools/texlive/2015/texmf-dist/tex/latex/amsmath/amsb
sy.sty
Package: amsbsy 1999/11/29 v1.2d
\pmbraise@=\dimen180
)
(/home/mdl/ska130/Research/Tools/texlive/2015/texmf-dist/tex/latex/amsmath/amso
pn.sty
Package: amsopn 1999/12/14 v2.01 operator names
)
\inf@bad=\count119
LaTeX Info: Redefining \frac on input line 210.
\uproot@=\count120
\leftroot@=\count121
LaTeX Info: Redefining \overline on input line 306.
\classnum@=\count122
\DOTSCASE@=\count123
LaTeX Info: Redefining \ldots on input line 378.
LaTeX Info: Redefining \dots on input line 381.
LaTeX Info: Redefining \cdots on input line 466.
\Mathstrutbox@=\box39
\strutbox@=\box40
\big@size=\dimen181
LaTeX Font Info:    Redeclaring font encoding OML on input line 566.
LaTeX Font Info:    Redeclaring font encoding OMS on input line 567.
\macc@depth=\count124
\c@MaxMatrixCols=\count125
\dotsspace@=\muskip10
\c@parentequation=\count126
\dspbrk@lvl=\count127
\tag@help=\toks33
\row@=\count128
\column@=\count129
\maxfields@=\count130
\andhelp@=\toks34
\eqnshift@=\dimen182
\alignsep@=\dimen183
\tagshift@=\dimen184
\tagwidth@=\dimen185
\totwidth@=\dimen186
\lineht@=\dimen187
\@envbody=\toks35
\multlinegap=\skip45
\multlinetaggap=\skip46
\mathdisplay@stack=\toks36
LaTeX Info: Redefining \[ on input line 2665.
LaTeX Info: Redefining \] on input line 2666.
)
(/home/mdl/ska130/Research/Tools/texlive/2015/texmf-dist/tex/latex/algorithms/a
lgorithm.sty
Package: algorithm 2009/08/24 v0.1 Document Style `algorithm' - floating enviro
nment

(/home/mdl/ska130/Research/Tools/texlive/2015/texmf-dist/tex/latex/float/float.
sty
Package: float 2001/11/08 v1.3d Float enhancements (AL)
\c@float@type=\count131
\float@exts=\toks37
\float@box=\box41
\@float@everytoks=\toks38
\@floatcapt=\box42
)
(/home/mdl/ska130/Research/Tools/texlive/2015/texmf-dist/tex/latex/base/ifthen.
sty
Package: ifthen 2014/09/29 v1.1c Standard LaTeX ifthen package (DPC)
)
\@float@every@algorithm=\toks39
\c@algorithm=\count132
)
(/home/mdl/ska130/Research/Tools/texlive/2015/texmf-dist/tex/latex/algorithmicx
/algpseudocode.sty
Package: algpseudocode 

(/home/mdl/ska130/Research/Tools/texlive/2015/texmf-dist/tex/latex/algorithmicx
/algorithmicx.sty
Package: algorithmicx 2005/04/27 v1.2 Algorithmicx

Document Style algorithmicx 1.2 - a greatly improved `algorithmic' style
\c@ALG@line=\count133
\c@ALG@rem=\count134
\c@ALG@nested=\count135
\ALG@tlm=\skip47
\ALG@thistlm=\skip48
\c@ALG@Lnr=\count136
\c@ALG@blocknr=\count137
\c@ALG@storecount=\count138
\c@ALG@tmpcounter=\count139
\ALG@tmplength=\skip49
)
Document Style - pseudocode environments for use with the `algorithmicx' style
)
(/home/mdl/ska130/Research/Tools/texlive/2015/texmf-dist/tex/latex/url/url.sty
\Urlmuskip=\muskip11
Package: url 2013/09/16  ver 3.4  Verb mode for urls, etc.
) (./inis2015.aux

LaTeX Warning: Label `sec:acknowledgements' multiply defined.

)
\openout1 = `inis2015.aux'.

LaTeX Font Info:    Checking defaults for OML/cmm/m/it on input line 372.
LaTeX Font Info:    ... okay on input line 372.
LaTeX Font Info:    Checking defaults for T1/cmr/m/n on input line 372.
LaTeX Font Info:    ... okay on input line 372.
LaTeX Font Info:    Checking defaults for OT1/cmr/m/n on input line 372.
LaTeX Font Info:    ... okay on input line 372.
LaTeX Font Info:    Checking defaults for OMS/cmsy/m/n on input line 372.
LaTeX Font Info:    ... okay on input line 372.
LaTeX Font Info:    Checking defaults for OMX/cmex/m/n on input line 372.
LaTeX Font Info:    ... okay on input line 372.
LaTeX Font Info:    Checking defaults for U/cmr/m/n on input line 372.
LaTeX Font Info:    ... okay on input line 372.

(/home/mdl/ska130/Research/Tools/texlive/2015/texmf-dist/tex/context/base/supp-
pdf.mkii
[Loading MPS to PDF converter (version 2006.09.02).]
\scratchcounter=\count140
\scratchdimen=\dimen188
\scratchbox=\box43
\nofMPsegments=\count141
\nofMParguments=\count142
\everyMPshowfont=\toks40
\MPscratchCnt=\count143
\MPscratchDim=\dimen189
\MPnumerator=\count144
\makeMPintoPDFobject=\count145
\everyMPtoPDFconversion=\toks41
)
(/home/mdl/ska130/Research/Tools/texlive/2015/texmf-dist/tex/latex/oberdiek/eps
topdf-base.sty
Package: epstopdf-base 2010/02/09 v2.5 Base part for package epstopdf

(/home/mdl/ska130/Research/Tools/texlive/2015/texmf-dist/tex/latex/oberdiek/grf
ext.sty
Package: grfext 2010/08/19 v1.1 Manage graphics extensions (HO)

(/home/mdl/ska130/Research/Tools/texlive/2015/texmf-dist/tex/generic/oberdiek/k
vdefinekeys.sty
Package: kvdefinekeys 2011/04/07 v1.3 Define keys (HO)
))
(/home/mdl/ska130/Research/Tools/texlive/2015/texmf-dist/tex/latex/oberdiek/kvo
ptions.sty
Package: kvoptions 2011/06/30 v3.11 Key value format for package options (HO)

(/home/mdl/ska130/Research/Tools/texlive/2015/texmf-dist/tex/generic/oberdiek/k
vsetkeys.sty
Package: kvsetkeys 2012/04/25 v1.16 Key value parser (HO)

(/home/mdl/ska130/Research/Tools/texlive/2015/texmf-dist/tex/generic/oberdiek/e
texcmds.sty
Package: etexcmds 2011/02/16 v1.5 Avoid name clashes with e-TeX commands (HO)
Package etexcmds Info: Could not find \expanded.
(etexcmds)             That can mean that you are not using pdfTeX 1.50 or
(etexcmds)             that some package has redefined \expanded.
(etexcmds)             In the latter case, load this package earlier.
)))
Package grfext Info: Graphics extension search list:
(grfext)             [.png,.pdf,.jpg,.mps,.jpeg,.jbig2,.jb2,.PNG,.PDF,.JPG,.JPE
G,.JBIG2,.JB2,.eps]
(grfext)             \AppendGraphicsExtensions on input line 452.

(/home/mdl/ska130/Research/Tools/texlive/2015/texmf-dist/tex/latex/latexconfig/
epstopdf-sys.cfg
File: epstopdf-sys.cfg 2010/07/13 v1.3 Configuration of (r)epstopdf for TeX Liv
e
)) ABD: EveryShipout initializing macros
Package pgfplots notification 'compat/show suggested version=true': document ha
s been generated with the most recent feature set (\pgfplotsset{compat=1.12}).

LaTeX Font Info:    Calculating math sizes for size <11> on input line 420.
LaTeX Font Info:    External font `cmex10' loaded for size
(Font)              <11> on input line 420.
LaTeX Font Info:    External font `cmex10' loaded for size
(Font)              <7.69997> on input line 420.
LaTeX Font Info:    External font `cmex10' loaded for size
(Font)              <5.5> on input line 420.
LaTeX Font Info:    External font `cmex10' loaded for size
(Font)              <8> on input line 420.
LaTeX Font Info:    External font `cmex10' loaded for size
(Font)              <6> on input line 420.
LaTeX Font Info:    External font `cmex10' loaded for size
(Font)              <5> on input line 420.
LaTeX Font Info:    External font `cmex10' loaded for size
(Font)              <7> on input line 420.
(./src/abstract.tex) (./src/introduction.tex
pdfTeX warning (Object streams): \pdfobjcompresslevel > 0 requires \pdfminorver
sion > 4. Object streams disabled now.
<./figures/vision_apps_devices.png, id=4, 642.7212pt x 324.7332pt>
File: ./figures/vision_apps_devices.png Graphic file (type png)

<use ./figures/vision_apps_devices.png>
Package pdftex.def Info: ./figures/vision_apps_devices.png used on input line 2
5.
(pdftex.def)             Requested size: 227.74333pt x 115.06554pt.
) [1{/home/mdl/ska130/Research/Tools/texlive/2015/texmf-var/fonts/map/pdftex/up
dmap/pdftex.map}


 <./figures/vision_apps_devices.png>] (./src/related.tex
===== Image 'figures/face_fps' is up-to-date. ======
<./figures/facedetected.jpg, id=18, 501.875pt x 381.425pt>
File: ./figures/facedetected.jpg Graphic file (type jpg)

<use ./figures/facedetected.jpg>
Package pdftex.def Info: ./figures/facedetected.jpg used on input line 45.
(pdftex.def)             Requested size: 227.74333pt x 173.08885pt.
 [2 <./figures/face_fps.pdf> <./figures/facedetected.jpg>]) (./src/reliability.
tex
<./figures/hmax_reliability_a.png, id=33, 770.88pt x 578.16pt>
File: ./figures/hmax_reliability_a.png Graphic file (type png)

<use ./figures/hmax_reliability_a.png>
Package pdftex.def Info: ./figures/hmax_reliability_a.png used on input line 64
.
(pdftex.def)             Requested size: 235.84328pt x 176.88109pt.

<./figures/hmax_reliability_b.png, id=34, 770.88pt x 578.16pt>
File: ./figures/hmax_reliability_b.png Graphic file (type png)

<use ./figures/hmax_reliability_b.png>
Package pdftex.def Info: ./figures/hmax_reliability_b.png used on input line 64
.
(pdftex.def)             Requested size: 235.84328pt x 176.88109pt.

<./figures/PixelSensitivityAnalysis.pdf, id=35, 767.86874pt x 516.93124pt>
File: ./figures/PixelSensitivityAnalysis.pdf Graphic file (type pdf)

<use ./figures/PixelSensitivityAnalysis.pdf>
Package pdftex.def Info: ./figures/PixelSensitivityAnalysis.pdf used on input l
ine 76.
(pdftex.def)             Requested size: 253.04987pt x 168.10538pt.
 [3]

pdfTeX warning: pdflatex (file ./figures/bilinear.pdf): PDF inclusion: found PD
F version <1.5>, but at most version <1.4> allowed
<./figures/bilinear.pdf, id=43, 234.8775pt x 149.8097pt>
File: ./figures/bilinear.pdf Graphic file (type pdf)

<use ./figures/bilinear.pdf>
Package pdftex.def Info: ./figures/bilinear.pdf used on input line 96.
(pdftex.def)             Requested size: 157.23152pt x 100.2851pt.


pdfTeX warning: pdflatex (file ./figures/bicubic.pdf): PDF inclusion: found PDF
 version <1.5>, but at most version <1.4> allowed
<./figures/bicubic.pdf, id=44, 386.94562pt x 311.66437pt>
File: ./figures/bicubic.pdf Graphic file (type pdf)

<use ./figures/bicubic.pdf>
Package pdftex.def Info: ./figures/bicubic.pdf used on input line 96.
(pdftex.def)             Requested size: 262.04987pt x 211.06819pt.

Underfull \vbox (badness 10000) has occurred while \output is active []


Overfull \hbox (13.54079pt too wide) detected at line 132
\OML/cmm/m/it/10 I\OT1/cmr/m/n/10 (\OML/cmm/m/it/10 x[]; y[]\OT1/cmr/m/n/10 ) =
 [] [] \OML/cmm/m/it/10 I\OT1/cmr/m/n/10 (\OML/cmm/m/it/10 x \OT1/cmr/m/n/10 + 
\OML/cmm/m/it/10 m; y \OT1/cmr/m/n/10 + \OML/cmm/m/it/10 n\OT1/cmr/m/n/10 )\OML
/cmm/m/it/10 R[]\OT1/cmr/m/n/10 (\OML/cmm/m/it/10 m \OMS/cmsy/m/n/10 ^^@ \OT1/c
mr/m/n/10 ^^A\OML/cmm/m/it/10 x\OT1/cmr/m/n/10 )\OML/cmm/m/it/10 R[]\OT1/cmr/m/
n/10 (\OMS/cmsy/m/n/10 ^^@\OT1/cmr/m/n/10 (\OML/cmm/m/it/10 n \OMS/cmsy/m/n/10 
^^@ \OT1/cmr/m/n/10 ^^A\OML/cmm/m/it/10 y\OT1/cmr/m/n/10 ))
 []

) (./src/conclusion.tex) [4 <./figures/PixelSensitivityAnalysis.pdf> <./figures
/hmax_reliability_a.png> <./figures/hmax_reliability_b.png>]
(./src/acknowledgements.tex) (./inis2015.bbl
Underfull \hbox (badness 1629) in paragraph at lines 117--120
\OT1/ptm/m/it/8 Sym-po-sium on Field-Programmable Cus-tom Com-put-ing Ma-chines

 []

[5 <./figures/bilinear.pdf> <./figures/bicubic.pdf

pdfTeX warning: pdflatex (file ./figures/bicubic.pdf): PDF inclusion: multiple 
pdfs with page group included in a single page
>]
Underfull \hbox (badness 2556) in paragraph at lines 162--165
[]\OT1/ptm/m/n/8 T. Chen, J. Wang, Y. Chen, and O. Temam, ``Di-an-Nao : A
 []

)

** Conference Paper **
Before submitting the final camera ready copy, remember to:

 1. Manually equalize the lengths of two columns on the last page
 of your paper;

 2. Ensure that any PostScript and/or PDF output post-processing
 uses only Type 1 fonts and that every step in the generation
 process uses the appropriate paper size.

[6] (./inis2015.aux)

LaTeX Warning: There were multiply-defined labels.

 ) 
Here is how much of TeX's memory you used:
 22596 strings out of 493093
 577792 string characters out of 6125629
 732289 words of memory out of 5000000
 25646 multiletter control sequences out of 15000+600000
 43961 words of font info for 80 fonts, out of 8000000 for 9000
 1144 hyphenation exceptions out of 8191
 55i,15n,83p,725b,609s stack positions out of 5000i,500n,10000p,200000b,80000s
{/home/mdl/ska130/Research/Tools/texlive/2015/texmf-dist/fonts/enc/dvips/base
/8r.enc}</home/mdl/ska130/Research/Tools/texlive/2015/texmf-dist/fonts/type1/pu
blic/amsfonts/cm/cmex10.pfb></home/mdl/ska130/Research/Tools/texlive/2015/texmf
-dist/fonts/type1/public/amsfonts/cm/cmmi10.pfb></home/mdl/ska130/Research/Tool
s/texlive/2015/texmf-dist/fonts/type1/public/amsfonts/cm/cmmi7.pfb></home/mdl/s
ka130/Research/Tools/texlive/2015/texmf-dist/fonts/type1/public/amsfonts/cm/cmr
10.pfb></home/mdl/ska130/Research/Tools/texlive/2015/texmf-dist/fonts/type1/pub
lic/amsfonts/cm/cmr7.pfb></home/mdl/ska130/Research/Tools/texlive/2015/texmf-di
st/fonts/type1/public/amsfonts/cm/cmsy10.pfb></home/mdl/ska130/Research/Tools/t
exlive/2015/texmf-dist/fonts/type1/public/amsfonts/cm/cmsy7.pfb></home/mdl/ska1
30/Research/Tools/texlive/2015/texmf-dist/fonts/type1/public/amsfonts/cm/cmsy8.
pfb></home/mdl/ska130/Research/Tools/texlive/2015/texmf-dist/fonts/type1/urw/ti
mes/utmb8a.pfb></home/mdl/ska130/Research/Tools/texlive/2015/texmf-dist/fonts/t
ype1/urw/times/utmbi8a.pfb></home/mdl/ska130/Research/Tools/texlive/2015/texmf-
dist/fonts/type1/urw/times/utmr8a.pfb></home/mdl/ska130/Research/Tools/texlive/
2015/texmf-dist/fonts/type1/urw/times/utmri8a.pfb>
Output written on inis2015.pdf (6 pages, 1469934 bytes).
PDF statistics:
 128 PDF objects out of 1000 (max. 8388607)
 0 named destinations out of 1000 (max. 500000)
 59 words of extra memory for PDF output out of 10000 (max. 10000000)

